<?xml version="1.0" encoding="UTF-8"?>
<testsuite xmlns:xsi="http://www.w3.org/2001/XMLSchema-instance" xsi:noNamespaceSchemaLocation="https://maven.apache.org/surefire/maven-surefire-plugin/xsd/surefire-test-report.xsd" name="es.codeurjc.ais.tictactoe.TestDobles" time="0.061" tests="3" errors="0" skipped="0" failures="0">
  <properties>
[...]
</properties>
  <testcase name="primerJugadorPierde" classname="es.codeurjc.ais.tictactoe.TestDobles" time="0.054"/>
  <testcase name="primerJugadorGana" classname="es.codeurjc.ais.tictactoe.TestDobles" time="0.002"/>
  <testcase name="Empate" classname="es.codeurjc.ais.tictactoe.TestDobles" time="0.003"/>
</testsuite>